This is LuaHBTeX, Version 1.18.0 (TeX Live 2024/Arch Linux)  (format=lualatex 2024.10.2)  17 OCT 2024 01:42
 restricted system commands enabled.
 file:line:error style messages enabled.
**main.tex
(./main.tex
LaTeX2e <2023-11-01> patch level 1
L3 programming layer <2024-02-20>
Lua module: luaotfload 2024-02-14 3.28 Lua based OpenType font support
Lua module: lualibs 2023-07-13 2.76 ConTeXt Lua standard libraries.
Lua module: lualibs-extended 2023-07-13 2.76 ConTeXt Lua libraries -- extended collection.
luaotfload | conf : Root cache directory is "/home/andre/.texlive/texmf-var/luatex-cache/generic/names".
luaotfload | init : Loading fontloader "fontloader-2023-12-28.lua" from kpse-resolved path "/usr/share/texmf-dist/tex/luatex/luaotfload/fontloader-2023-12-28.lua".
Lua-only attribute luaotfload@noligature = 1
luaotfload | init : Context OpenType loader version 3.134
Inserting `luaotfload.node_processor' in `pre_linebreak_filter'.
Inserting `luaotfload.node_processor' in `hpack_filter'.
Inserting `luaotfload.glyph_stream' in `glyph_stream_provider'.
Inserting `luaotfload.define_font' in `define_font'.
Lua-only attribute luaotfload_color_attribute = 2
luaotfload | conf : Root cache directory is "/home/andre/.texlive/texmf-var/luatex-cache/generic/names".
Inserting `luaotfload.harf.strip_prefix' in `find_opentype_file'.
Inserting `luaotfload.harf.strip_prefix' in `find_truetype_file'.
Removing  `luaotfload.glyph_stream' from `glyph_stream_provider'.
Inserting `luaotfload.harf.glyphstream' in `glyph_stream_provider'.
Inserting `luaotfload.harf.finalize_vlist' in `post_linebreak_filter'.
Inserting `luaotfload.harf.finalize_hlist' in `hpack_filter'.
Inserting `luaotfload.cleanup_files' in `wrapup_run'.
Inserting `luaotfload.harf.finalize_unicode' in `finish_pdffile'.
Inserting `luaotfload.glyphinfo' in `glyph_info'.
Lua-only attribute luaotfload.letterspace_done = 3
Inserting `luaotfload.aux.set_sscale_dimens' in `luaotfload.patch_font'.
Inserting `luaotfload.aux.set_font_index' in `luaotfload.patch_font'.
Inserting `luaotfload.aux.patch_cambria_domh' in `luaotfload.patch_font'.
Inserting `luaotfload.aux.fixup_fontdata' in `luaotfload.patch_font_unsafe'.
Inserting `luaotfload.aux.set_capheight' in `luaotfload.patch_font'.
Inserting `luaotfload.aux.set_xheight' in `luaotfload.patch_font'.
Inserting `luaotfload.rewrite_fontname' in `luaotfload.patch_font'.
Inserting `tracingstacklevels' in `input_level_string'. (/usr/share/texmf-dist/tex/latex/extsizes/extbook.cls
Document Class: extbook 1999/01/07 v1.4a NON-Standard LaTeX document class
(/usr/share/texmf-dist/tex/latex/base/bk10.clo
File: bk10.clo 2023/05/17 v1.4n Standard LaTeX file (size option)
luaotfload | db : Font names database loaded from /home/andre/.texlive/texmf-var/luatex-cache/generic/names/luaotfload-names.luc.gz) (/usr/share/texmf-dist/tex/latex/base/exscale.sty
Package: exscale 2018/09/24 v2.1i Standard LaTeX package exscale
LaTeX Font Info:    Redeclaring symbol font `largesymbols' on input line 57.
LaTeX Font Info:    Overwriting symbol font `largesymbols' in version `normal'
(Font)                  OMX/cmex/m/n --> OMX/cmex/m/n on input line 57.
LaTeX Font Info:    Overwriting symbol font `largesymbols' in version `bold'
(Font)                  OMX/cmex/m/n --> OMX/cmex/m/n on input line 57.
\big@size=\dimen139
)
\c@part=\count186
\c@chapter=\count187
\c@section=\count188
\c@subsection=\count189
\c@subsubsection=\count190
\c@paragraph=\count191
\c@subparagraph=\count192
\c@figure=\count193
\c@table=\count194
\abovecaptionskip=\skip48
\belowcaptionskip=\skip49
\bibindent=\dimen140
) (/usr/share/texmf-dist/tex/latex/geometry/geometry.sty
Package: geometry 2020/01/02 v5.9 Page Geometry
 (/usr/share/texmf-dist/tex/latex/graphics/keyval.sty
Package: keyval 2022/05/29 v1.15 key=value parser (DPC)
\KV@toks@=\toks17
) (/usr/share/texmf-dist/tex/generic/iftex/ifvtex.sty
Package: ifvtex 2019/10/25 v1.7 ifvtex legacy package. Use iftex instead.
 (/usr/share/texmf-dist/tex/generic/iftex/iftex.sty
Package: iftex 2022/02/03 v1.0f TeX engine tests
))
\Gm@cnth=\count195
\Gm@cntv=\count196
\c@Gm@tempcnt=\count197
\Gm@bindingoffset=\dimen141
\Gm@wd@mp=\dimen142
\Gm@odd@mp=\dimen143
\Gm@even@mp=\dimen144
\Gm@layoutwidth=\dimen145
\Gm@layoutheight=\dimen146
\Gm@layouthoffset=\dimen147
\Gm@layoutvoffset=\dimen148
\Gm@dimlist=\toks18
) (/usr/share/texmf-dist/tex/latex/fontspec/fontspec.sty (/usr/share/texmf-dist/tex/latex/l3packages/xparse/xparse.sty (/usr/share/texmf-dist/tex/latex/l3kernel/expl3.sty
Package: expl3 2024-02-20 L3 programming layer (loader) 
 (/usr/share/texmf-dist/tex/latex/l3backend/l3backend-luatex.def
File: l3backend-luatex.def 2024-02-20 L3 backend support: PDF output (LuaTeX)
\l__color_backend_stack_int=\count198
Inserting `l3color' in `luaotfload.parse_color'.
\l__pdf_internal_box=\box51
))
Package: xparse 2024-02-18 L3 Experimental document command parser
)
Package: fontspec 2024/02/13 v2.9a Font selection for XeLaTeX and LuaLaTeX
Lua module: fontspec 2024/02/13 2.9a Font selection for XeLaTeX and LuaLaTeX (/usr/share/texmf-dist/tex/latex/fontspec/fontspec-luatex.sty
Package: fontspec-luatex 2024/02/13 v2.9a Font selection for XeLaTeX and LuaLaTeX
\l__fontspec_script_int=\count199
\l__fontspec_language_int=\count266
\l__fontspec_strnum_int=\count267
\l__fontspec_tmp_int=\count268
\l__fontspec_tmpa_int=\count269
\l__fontspec_tmpb_int=\count270
\l__fontspec_tmpc_int=\count271
\l__fontspec_em_int=\count272
\l__fontspec_emdef_int=\count273
\l__fontspec_strong_int=\count274
\l__fontspec_strongdef_int=\count275
\l__fontspec_tmpa_dim=\dimen149
\l__fontspec_tmpb_dim=\dimen150
\l__fontspec_tmpc_dim=\dimen151
 (/usr/share/texmf-dist/tex/latex/base/fontenc.sty
Package: fontenc 2021/04/29 v2.0v Standard LaTeX package
) (/usr/share/texmf-dist/tex/latex/fontspec/fontspec.cfg)))

Package fontspec Info: Font family 'texgyrepagella(0)' created for font
(fontspec)             'texgyrepagella' with options
(fontspec)             [Ligatures=TeX,Extension={.otf},Path=./configs/fonts/,UprightFont={*-regular},ItalicFont={*-italic},BoldFont={*-bold},BoldItalicFont={*-bolditalic},Numbers=OldStyle,Kerning=On,Ligatures=Common].
(fontspec)              
(fontspec)              This font family consists of the following NFSS
(fontspec)             series/shapes:
(fontspec)              
(fontspec)             - 'normal' (m/n) with NFSS spec.:
(fontspec)             <->"[./configs/fonts/texgyrepagella-regular.otf]:mode=node;script=latn;language=dflt;+tlig;+onum;+kern;+liga;"
(fontspec)             - 'small caps'  (m/sc) with NFSS spec.:
(fontspec)             <->"[./configs/fonts/texgyrepagella-regular.otf]:mode=node;script=latn;language=dflt;+tlig;+onum;+kern;+liga;+smcp;"
(fontspec)             - 'bold' (b/n) with NFSS spec.:
(fontspec)             <->"[./configs/fonts/texgyrepagella-bold.otf]:mode=node;script=latn;language=dflt;+tlig;+onum;+kern;+liga;"
(fontspec)             - 'bold small caps'  (b/sc) with NFSS spec.:
(fontspec)             <->"[./configs/fonts/texgyrepagella-bold.otf]:mode=node;script=latn;language=dflt;+tlig;+onum;+kern;+liga;+smcp;"
(fontspec)             - 'italic' (m/it) with NFSS spec.:
(fontspec)             <->"[./configs/fonts/texgyrepagella-italic.otf]:mode=node;script=latn;language=dflt;+tlig;+onum;+kern;+liga;"
(fontspec)             - 'italic small caps'  (m/scit) with NFSS spec.:
(fontspec)             <->"[./configs/fonts/texgyrepagella-italic.otf]:mode=node;script=latn;language=dflt;+tlig;+onum;+kern;+liga;+smcp;"
(fontspec)             - 'bold italic' (b/it) with NFSS spec.:
(fontspec)             <->"[./configs/fonts/texgyrepagella-bolditalic.otf]:mode=node;script=latn;language=dflt;+tlig;+onum;+kern;+liga;"
(fontspec)             - 'bold italic small caps'  (b/scit) with NFSS spec.:
(fontspec)             <->"[./configs/fonts/texgyrepagella-bolditalic.otf]:mode=node;script=latn;language=dflt;+tlig;+onum;+kern;+liga;+smcp;"

 (/usr/share/texmf-dist/tex/latex/blindtext/blindtext.sty
Package: blindtext 2012/01/06 V2.0 blindtext-Package
 (/usr/share/texmf-dist/tex/latex/tools/xspace.sty
Package: xspace 2014/10/28 v1.13 Space after command names (DPC,MH)
)
\c@blindtext=\count276
\c@Blindtext=\count277
\c@blind@countparstart=\count278
\blind@countxx=\count279
\blindtext@numBlindtext=\count280
\blind@countyy=\count281
\c@blindlist=\count282
\c@blindlistlevel=\count283
\c@blindlist@level=\count284
\blind@listitem=\count285
\c@blind@listcount=\count286
\c@blind@levelcount=\count287
\blind@mathformula=\count288
\blind@Mathformula=\count289
\c@blind@randomcount=\count290
\c@blind@randommax=\count291
\c@blind@pangramcount=\count292
\c@blind@pangrammax=\count293
) (./main.aux)
\openout1 = main.aux

LaTeX Font Info:    Checking defaults for OML/cmm/m/it on input line 31.
LaTeX Font Info:    ... okay on input line 31.
LaTeX Font Info:    Checking defaults for OMS/cmsy/m/n on input line 31.
LaTeX Font Info:    ... okay on input line 31.
LaTeX Font Info:    Checking defaults for OT1/cmr/m/n on input line 31.
LaTeX Font Info:    ... okay on input line 31.
LaTeX Font Info:    Checking defaults for T1/cmr/m/n on input line 31.
LaTeX Font Info:    ... okay on input line 31.
LaTeX Font Info:    Checking defaults for TS1/cmr/m/n on input line 31.
LaTeX Font Info:    Trying to load font information for TS1+cmr on input line 31.
 (/usr/share/texmf-dist/tex/latex/base/ts1cmr.fd
File: ts1cmr.fd 2023/04/13 v2.5m Standard LaTeX font definitions
)
LaTeX Font Info:    ... okay on input line 31.
LaTeX Font Info:    Checking defaults for TU/lmr/m/n on input line 31.
LaTeX Font Info:    ... okay on input line 31.
LaTeX Font Info:    Checking defaults for OMX/cmex/m/n on input line 31.
LaTeX Font Info:    ... okay on input line 31.
LaTeX Font Info:    Checking defaults for U/cmr/m/n on input line 31.
LaTeX Font Info:    ... okay on input line 31.

*geometry* driver: auto-detecting
*geometry* detected driver: luatex
(/usr/share/texmf-dist/tex/latex/base/atbegshi-ltx.sty
Package: atbegshi-ltx 2021/01/10 v1.0c Emulation of the original atbegshi
package with kernel methods
)
*geometry* verbose mode - [ preamble ] result:
* driver: luatex
* paper: b5paper
* layout: <same size as paper>
* layoutoffset:(h,v)=(0.0pt,0.0pt)
* modes: includemp twoside showframe 
* h-part:(L,W,R)=(56.9055pt, 416.52756pt, 27.33543pt)
* v-part:(T,H,B)=(56.9055pt, 597.50789pt, 56.9055pt)
* \paperwidth=500.7685pt
* \paperheight=711.3189pt
* \textwidth=284.52756pt
* \textheight=597.50789pt
* \oddsidemargin=-15.36449pt
* \evensidemargin=87.06544pt
* \topmargin=-45.43198pt
* \headheight=12.0pt
* \headsep=18.06749pt
* \topskip=10.0pt
* \footskip=25.29494pt
* \marginparwidth=125.0pt
* \marginparsep=7.0pt
* \columnsep=10.0pt
* \skip\footins=9.0pt plus 4.0pt minus 2.0pt
* \hoffset=0.0pt
* \voffset=0.0pt
* \mag=1000
* \@twocolumnfalse
* \@twosidetrue
* \@mparswitchtrue
* \@reversemarginfalse
* (1in=72.27pt=25.4mm, 1cm=28.453pt)


Package fontspec Info: Adjusting the maths setup (use [no-math] to avoid
(fontspec)             this).

\symlegacymaths=\mathgroup4
LaTeX Font Info:    Overwriting symbol font `legacymaths' in version `bold'
(Font)                  OT1/cmr/m/n --> OT1/cmr/bx/n on input line 31.
LaTeX Font Info:    Redeclaring math accent \acute on input line 31.
LaTeX Font Info:    Redeclaring math accent \grave on input line 31.
LaTeX Font Info:    Redeclaring math accent \ddot on input line 31.
LaTeX Font Info:    Redeclaring math accent \tilde on input line 31.
LaTeX Font Info:    Redeclaring math accent \bar on input line 31.
LaTeX Font Info:    Redeclaring math accent \breve on input line 31.
LaTeX Font Info:    Redeclaring math accent \check on input line 31.
LaTeX Font Info:    Redeclaring math accent \hat on input line 31.
LaTeX Font Info:    Redeclaring math accent \dot on input line 31.
LaTeX Font Info:    Redeclaring math accent \mathring on input line 31.
LaTeX Font Info:    Redeclaring math symbol \colon on input line 31.
LaTeX Font Info:    Redeclaring math symbol \Gamma on input line 31.
LaTeX Font Info:    Redeclaring math symbol \Delta on input line 31.
LaTeX Font Info:    Redeclaring math symbol \Theta on input line 31.
LaTeX Font Info:    Redeclaring math symbol \Lambda on input line 31.
LaTeX Font Info:    Redeclaring math symbol \Xi on input line 31.
LaTeX Font Info:    Redeclaring math symbol \Pi on input line 31.
LaTeX Font Info:    Redeclaring math symbol \Sigma on input line 31.
LaTeX Font Info:    Redeclaring math symbol \Upsilon on input line 31.
LaTeX Font Info:    Redeclaring math symbol \Phi on input line 31.
LaTeX Font Info:    Redeclaring math symbol \Psi on input line 31.
LaTeX Font Info:    Redeclaring math symbol \Omega on input line 31.
LaTeX Font Info:    Redeclaring math symbol \mathdollar on input line 31.
LaTeX Font Info:    Redeclaring symbol font `operators' on input line 31.
LaTeX Font Info:    Encoding `OT1' has changed to `TU' for symbol font
(Font)              `operators' in the math version `normal' on input line 31.
LaTeX Font Info:    Overwriting symbol font `operators' in version `normal'
(Font)                  OT1/cmr/m/n --> TU/texgyrepagella(0)/m/n on input line 31.
LaTeX Font Info:    Encoding `OT1' has changed to `TU' for symbol font
(Font)              `operators' in the math version `bold' on input line 31.
LaTeX Font Info:    Overwriting symbol font `operators' in version `bold'
(Font)                  OT1/cmr/bx/n --> TU/texgyrepagella(0)/m/n on input line 31.
LaTeX Font Info:    Overwriting symbol font `operators' in version `normal'
(Font)                  TU/texgyrepagella(0)/m/n --> TU/texgyrepagella(0)/m/n on input line 31.
LaTeX Font Info:    Overwriting math alphabet `\mathit' in version `normal'
(Font)                  OT1/cmr/m/it --> TU/texgyrepagella(0)/m/it on input line 31.
LaTeX Font Info:    Overwriting math alphabet `\mathbf' in version `normal'
(Font)                  OT1/cmr/bx/n --> TU/texgyrepagella(0)/b/n on input line 31.
LaTeX Font Info:    Overwriting math alphabet `\mathsf' in version `normal'
(Font)                  OT1/cmss/m/n --> TU/lmss/m/n on input line 31.
LaTeX Font Info:    Overwriting math alphabet `\mathtt' in version `normal'
(Font)                  OT1/cmtt/m/n --> TU/lmtt/m/n on input line 31.
LaTeX Font Info:    Overwriting symbol font `operators' in version `bold'
(Font)                  TU/texgyrepagella(0)/m/n --> TU/texgyrepagella(0)/b/n on input line 31.
LaTeX Font Info:    Overwriting math alphabet `\mathit' in version `bold'
(Font)                  OT1/cmr/bx/it --> TU/texgyrepagella(0)/b/it on input line 31.
LaTeX Font Info:    Overwriting math alphabet `\mathsf' in version `bold'
(Font)                  OT1/cmss/bx/n --> TU/lmss/b/n on input line 31.
LaTeX Font Info:    Overwriting math alphabet `\mathtt' in version `bold'
(Font)                  OT1/cmtt/m/n --> TU/lmtt/b/n on input line 31.

Chapter 1.

Overfull \hbox (0.20474pt too wide) in paragraph at lines 32--32
\TU/texgyrepagella(0)/m/n/10 sent lec-tus tel-lus, ali-quet ali-quam, luc-tus a, eges-tas a, turpis. Mau-
 []


Overfull \hbox (0.20474pt too wide) in paragraph at lines 32--32
\TU/texgyrepagella(0)/m/n/10 sent lec-tus tel-lus, ali-quet ali-quam, luc-tus a, eges-tas a, turpis. Mau-
 []


Overfull \hbox (4.86139pt too wide) in paragraph at lines 32--32
[]\TU/texgyrepagella(0)/m/n/10 Lorem ip-sum do-lor sit amet, con-sectetuer adip-isc-ing elit. Etiam
 []


Overfull \hbox (0.20474pt too wide) in paragraph at lines 32--32
\TU/texgyrepagella(0)/m/n/10 sent lec-tus tel-lus, ali-quet ali-quam, luc-tus a, eges-tas a, turpis. Mau-
 []

[1


{/var/lib/texmf/fonts/map/pdftex/updmap/pdftex.map}]
Overfull \hbox (4.86139pt too wide) in paragraph at lines 32--32
[]\TU/texgyrepagella(0)/m/n/10 Lorem ip-sum do-lor sit amet, con-sectetuer adip-isc-ing elit. Etiam
 []


Overfull \hbox (0.20474pt too wide) in paragraph at lines 32--32
\TU/texgyrepagella(0)/m/n/10 sent lec-tus tel-lus, ali-quet ali-quam, luc-tus a, eges-tas a, turpis. Mau-
 []


Overfull \hbox (4.86139pt too wide) in paragraph at lines 32--32
[]\TU/texgyrepagella(0)/m/n/10 Lorem ip-sum do-lor sit amet, con-sectetuer adip-isc-ing elit. Etiam
 []


Overfull \hbox (0.20474pt too wide) in paragraph at lines 32--32
\TU/texgyrepagella(0)/m/n/10 sent lec-tus tel-lus, ali-quet ali-quam, luc-tus a, eges-tas a, turpis. Mau-
 []


Overfull \hbox (4.86139pt too wide) in paragraph at lines 32--32
[]\TU/texgyrepagella(0)/m/n/10 Lorem ip-sum do-lor sit amet, con-sectetuer adip-isc-ing elit. Etiam
 []


Overfull \hbox (0.20474pt too wide) in paragraph at lines 32--32
\TU/texgyrepagella(0)/m/n/10 sent lec-tus tel-lus, ali-quet ali-quam, luc-tus a, eges-tas a, turpis. Mau-
 []


Underfull \vbox (badness 5637) has occurred while \output is active []

LaTeX Font Info:    Font shape `TU/texgyrepagella(0)/m/sl' in size <10> not available
(Font)              Font shape `TU/texgyrepagella(0)/m/it' tried instead on input line 32.
 [2]
Overfull \hbox (0.20474pt too wide) in paragraph at lines 32--32
\TU/texgyrepagella(0)/m/n/10 sent lec-tus tel-lus, ali-quet ali-quam, luc-tus a, eges-tas a, turpis. Mau-
 []


Overfull \hbox (4.86139pt too wide) in paragraph at lines 32--32
[]\TU/texgyrepagella(0)/m/n/10 Lorem ip-sum do-lor sit amet, con-sectetuer adip-isc-ing elit. Etiam
 []


Overfull \hbox (0.20474pt too wide) in paragraph at lines 32--32
\TU/texgyrepagella(0)/m/n/10 sent lec-tus tel-lus, ali-quet ali-quam, luc-tus a, eges-tas a, turpis. Mau-
 []


Overfull \hbox (4.86139pt too wide) in paragraph at lines 32--32
[]\TU/texgyrepagella(0)/m/n/10 Lorem ip-sum do-lor sit amet, con-sectetuer adip-isc-ing elit. Etiam
 []


Overfull \hbox (0.20474pt too wide) in paragraph at lines 32--32
\TU/texgyrepagella(0)/m/n/10 sent lec-tus tel-lus, ali-quet ali-quam, luc-tus a, eges-tas a, turpis. Mau-
 []


Overfull \hbox (4.86139pt too wide) in paragraph at lines 32--32
[]\TU/texgyrepagella(0)/m/n/10 Lorem ip-sum do-lor sit amet, con-sectetuer adip-isc-ing elit. Etiam
 []


Overfull \hbox (0.20474pt too wide) in paragraph at lines 32--32
\TU/texgyrepagella(0)/m/n/10 sent lec-tus tel-lus, ali-quet ali-quam, luc-tus a, eges-tas a, turpis. Mau-
 []

[3]
Overfull \hbox (4.86139pt too wide) in paragraph at lines 32--32
[]\TU/texgyrepagella(0)/m/n/10 Lorem ip-sum do-lor sit amet, con-sectetuer adip-isc-ing elit. Etiam
 []


Overfull \hbox (0.20474pt too wide) in paragraph at lines 32--32
\TU/texgyrepagella(0)/m/n/10 sent lec-tus tel-lus, ali-quet ali-quam, luc-tus a, eges-tas a, turpis. Mau-
 []


Overfull \hbox (0.20474pt too wide) in paragraph at lines 32--32
\TU/texgyrepagella(0)/m/n/10 sent lec-tus tel-lus, ali-quet ali-quam, luc-tus a, eges-tas a, turpis. Mau-
 []


Overfull \hbox (4.86139pt too wide) in paragraph at lines 32--32
[]\TU/texgyrepagella(0)/m/n/10 Lorem ip-sum do-lor sit amet, con-sectetuer adip-isc-ing elit. Etiam
 []


Overfull \hbox (0.20474pt too wide) in paragraph at lines 32--32
\TU/texgyrepagella(0)/m/n/10 sent lec-tus tel-lus, ali-quet ali-quam, luc-tus a, eges-tas a, turpis. Mau-
 []


Overfull \hbox (4.86139pt too wide) in paragraph at lines 32--32
[]\TU/texgyrepagella(0)/m/n/10 Lorem ip-sum do-lor sit amet, con-sectetuer adip-isc-ing elit. Etiam
 []


Overfull \hbox (0.20474pt too wide) in paragraph at lines 32--32
\TU/texgyrepagella(0)/m/n/10 sent lec-tus tel-lus, ali-quet ali-quam, luc-tus a, eges-tas a, turpis. Mau-
 []

[4]
Overfull \hbox (4.86139pt too wide) in paragraph at lines 32--32
[]\TU/texgyrepagella(0)/m/n/10 Lorem ip-sum do-lor sit amet, con-sectetuer adip-isc-ing elit. Etiam
 []


Overfull \hbox (0.20474pt too wide) in paragraph at lines 32--32
\TU/texgyrepagella(0)/m/n/10 sent lec-tus tel-lus, ali-quet ali-quam, luc-tus a, eges-tas a, turpis. Mau-
 []


Overfull \hbox (4.86139pt too wide) in paragraph at lines 32--32
[]\TU/texgyrepagella(0)/m/n/10 Lorem ip-sum do-lor sit amet, con-sectetuer adip-isc-ing elit. Etiam
 []


Overfull \hbox (0.20474pt too wide) in paragraph at lines 32--32
\TU/texgyrepagella(0)/m/n/10 sent lec-tus tel-lus, ali-quet ali-quam, luc-tus a, eges-tas a, turpis. Mau-
 []

[5]
Overfull \hbox (4.86139pt too wide) in paragraph at lines 32--32
[]\TU/texgyrepagella(0)/m/n/10 Lorem ip-sum do-lor sit amet, con-sectetuer adip-isc-ing elit. Etiam
 []


Overfull \hbox (0.20474pt too wide) in paragraph at lines 32--32
\TU/texgyrepagella(0)/m/n/10 sent lec-tus tel-lus, ali-quet ali-quam, luc-tus a, eges-tas a, turpis. Mau-
 []


Overfull \hbox (4.86139pt too wide) in paragraph at lines 32--32
[]\TU/texgyrepagella(0)/m/n/10 Lorem ip-sum do-lor sit amet, con-sectetuer adip-isc-ing elit. Etiam
 []


Overfull \hbox (0.20474pt too wide) in paragraph at lines 32--32
\TU/texgyrepagella(0)/m/n/10 sent lec-tus tel-lus, ali-quet ali-quam, luc-tus a, eges-tas a, turpis. Mau-
 []


Overfull \hbox (4.86139pt too wide) in paragraph at lines 32--32
[]\TU/texgyrepagella(0)/m/n/10 Lorem ip-sum do-lor sit amet, con-sectetuer adip-isc-ing elit. Etiam
 []


Overfull \hbox (0.20474pt too wide) in paragraph at lines 32--32
\TU/texgyrepagella(0)/m/n/10 sent lec-tus tel-lus, ali-quet ali-quam, luc-tus a, eges-tas a, turpis. Mau-
 []


Overfull \hbox (4.86139pt too wide) in paragraph at lines 32--32
[]\TU/texgyrepagella(0)/m/n/10 Lorem ip-sum do-lor sit amet, con-sectetuer adip-isc-ing elit. Etiam
 []


Overfull \hbox (0.20474pt too wide) in paragraph at lines 32--32
\TU/texgyrepagella(0)/m/n/10 sent lec-tus tel-lus, ali-quet ali-quam, luc-tus a, eges-tas a, turpis. Mau-
 []


Underfull \vbox (badness 2376) has occurred while \output is active []

 [6]
Overfull \hbox (0.4014pt too wide) in paragraph at lines 32--32
\TU/texgyrepagella(0)/m/n/10 au-gue, a dig-nis-sim nibh lec-tus plac-erat pede. Vi-va-mus nunc
 []


Overfull \hbox (8.22688pt too wide) in paragraph at lines 32--32
\TU/texgyrepagella(0)/m/n/10 in-ter-dum libero ut me-tus. Pel-len-tesque plac-erat. Nam rutrum
 []


Overfull \hbox (0.4014pt too wide) in paragraph at lines 32--32
\TU/texgyrepagella(0)/m/n/10 au-gue, a dig-nis-sim nibh lec-tus plac-erat pede. Vi-va-mus nunc
 []


Overfull \hbox (8.22688pt too wide) in paragraph at lines 32--32
\TU/texgyrepagella(0)/m/n/10 in-ter-dum libero ut me-tus. Pel-len-tesque plac-erat. Nam rutrum
 []


Overfull \hbox (0.4014pt too wide) in paragraph at lines 32--32
\TU/texgyrepagella(0)/m/n/10 au-gue, a dig-nis-sim nibh lec-tus plac-erat pede. Vi-va-mus nunc
 []


Overfull \hbox (8.22688pt too wide) in paragraph at lines 32--32
\TU/texgyrepagella(0)/m/n/10 in-ter-dum libero ut me-tus. Pel-len-tesque plac-erat. Nam rutrum
 []

[7]
Overfull \hbox (0.4014pt too wide) in paragraph at lines 32--32
\TU/texgyrepagella(0)/m/n/10 au-gue, a dig-nis-sim nibh lec-tus plac-erat pede. Vi-va-mus nunc
 []


Overfull \hbox (8.22688pt too wide) in paragraph at lines 32--32
\TU/texgyrepagella(0)/m/n/10 in-ter-dum libero ut me-tus. Pel-len-tesque plac-erat. Nam rutrum
 []


Overfull \hbox (0.4014pt too wide) in paragraph at lines 32--32
\TU/texgyrepagella(0)/m/n/10 au-gue, a dig-nis-sim nibh lec-tus plac-erat pede. Vi-va-mus nunc
 []


Overfull \hbox (8.22688pt too wide) in paragraph at lines 32--32
\TU/texgyrepagella(0)/m/n/10 in-ter-dum libero ut me-tus. Pel-len-tesque plac-erat. Nam rutrum
 []


Overfull \hbox (0.4014pt too wide) in paragraph at lines 32--32
\TU/texgyrepagella(0)/m/n/10 au-gue, a dig-nis-sim nibh lec-tus plac-erat pede. Vi-va-mus nunc
 []


Overfull \hbox (8.22688pt too wide) in paragraph at lines 32--32
\TU/texgyrepagella(0)/m/n/10 in-ter-dum libero ut me-tus. Pel-len-tesque plac-erat. Nam rutrum
 []

[8]
Overfull \hbox (3.15244pt too wide) in paragraph at lines 32--32
\TU/texgyrepagella(0)/m/n/10 so-dales com-modo, lec-tus velit ul-tri-ces au-gue, a dig-
 []


Overfull \hbox (1.28798pt too wide) in paragraph at lines 32--32
\TU/texgyrepagella(0)/m/n/10 sit amet, con-sectetuer adip-isc-ing elit. Duis fringilla
 []


Overfull \hbox (0.70682pt too wide) in paragraph at lines 32--32
\TU/texgyrepagella(0)/m/n/10 tris-tique neque. Sed in-ter-dum libero ut me-tus. Pel-
 []


Overfull \hbox (5.02682pt too wide) in paragraph at lines 32--32
\TU/texgyrepagella(0)/m/n/10 len-tesque plac-erat. Nam rutrum au-gue a leo. Morbi
 []


Overfull \hbox (2.80904pt too wide) in paragraph at lines 32--32
[]\TU/texgyrepagella(0)/m/n/10 Lorem ip-sum do-lor sit amet, con-sectetuer adip-
 []


Overfull \hbox (6.14345pt too wide) in paragraph at lines 32--32
\TU/texgyrepagella(0)/m/n/10 sem-per in, velit. Ut port-ti-tor. Prae-sent in sapien.
 []


Overfull \hbox (2.80904pt too wide) in paragraph at lines 32--32
\TU/texgyrepagella(0)/m/n/10 Lorem ip-sum do-lor sit amet, con-sectetuer adip-
 []


Overfull \hbox (7.18129pt too wide) in paragraph at lines 32--32
\TU/texgyrepagella(0)/m/n/10 sit amet ante lobor-tis sol-lic-i-tudin. Prae-sent blan-
 []

[9]
Overfull \hbox (2.80904pt too wide) in paragraph at lines 32--32
[]\TU/texgyrepagella(0)/m/n/10 Lorem ip-sum do-lor sit amet, con-sectetuer adip-
 []


Overfull \hbox (6.14345pt too wide) in paragraph at lines 32--32
\TU/texgyrepagella(0)/m/n/10 sem-per in, velit. Ut port-ti-tor. Prae-sent in sapien.
 []


Overfull \hbox (2.80904pt too wide) in paragraph at lines 32--32
\TU/texgyrepagella(0)/m/n/10 Lorem ip-sum do-lor sit amet, con-sectetuer adip-
 []


Overfull \hbox (7.18129pt too wide) in paragraph at lines 32--32
\TU/texgyrepagella(0)/m/n/10 sit amet ante lobor-tis sol-lic-i-tudin. Prae-sent blan-
 []


Overfull \hbox (3.15244pt too wide) in paragraph at lines 32--32
\TU/texgyrepagella(0)/m/n/10 so-dales com-modo, lec-tus velit ul-tri-ces au-gue, a dig-
 []


Overfull \hbox (1.28798pt too wide) in paragraph at lines 32--32
\TU/texgyrepagella(0)/m/n/10 sit amet, con-sectetuer adip-isc-ing elit. Duis fringilla
 []


Overfull \hbox (0.70682pt too wide) in paragraph at lines 32--32
\TU/texgyrepagella(0)/m/n/10 tris-tique neque. Sed in-ter-dum libero ut me-tus. Pel-
 []


Overfull \hbox (5.02682pt too wide) in paragraph at lines 32--32
\TU/texgyrepagella(0)/m/n/10 len-tesque plac-erat. Nam rutrum au-gue a leo. Morbi
 []


Overfull \hbox (0.4014pt too wide) in paragraph at lines 32--32
\TU/texgyrepagella(0)/m/n/10 au-gue, a dig-nis-sim nibh lec-tus plac-erat pede. Vi-va-mus nunc
 []


Overfull \hbox (8.22688pt too wide) in paragraph at lines 32--32
\TU/texgyrepagella(0)/m/n/10 in-ter-dum libero ut me-tus. Pel-len-tesque plac-erat. Nam rutrum
 []

[10]
Overfull \hbox (0.4014pt too wide) in paragraph at lines 32--32
\TU/texgyrepagella(0)/m/n/10 au-gue, a dig-nis-sim nibh lec-tus plac-erat pede. Vi-va-mus nunc
 []


Overfull \hbox (8.22688pt too wide) in paragraph at lines 32--32
\TU/texgyrepagella(0)/m/n/10 in-ter-dum libero ut me-tus. Pel-len-tesque plac-erat. Nam rutrum
 []


Overfull \hbox (0.4014pt too wide) in paragraph at lines 32--32
\TU/texgyrepagella(0)/m/n/10 au-gue, a dig-nis-sim nibh lec-tus plac-erat pede. Vi-va-mus nunc
 []


Overfull \hbox (8.22688pt too wide) in paragraph at lines 32--32
\TU/texgyrepagella(0)/m/n/10 in-ter-dum libero ut me-tus. Pel-len-tesque plac-erat. Nam rutrum
 []


Overfull \hbox (0.4014pt too wide) in paragraph at lines 32--32
\TU/texgyrepagella(0)/m/n/10 au-gue, a dig-nis-sim nibh lec-tus plac-erat pede. Vi-va-mus nunc
 []


Overfull \hbox (8.22688pt too wide) in paragraph at lines 32--32
\TU/texgyrepagella(0)/m/n/10 in-ter-dum libero ut me-tus. Pel-len-tesque plac-erat. Nam rutrum
 []

[11]
Overfull \hbox (0.4014pt too wide) in paragraph at lines 32--32
\TU/texgyrepagella(0)/m/n/10 au-gue, a dig-nis-sim nibh lec-tus plac-erat pede. Vi-va-mus nunc
 []


Overfull \hbox (8.22688pt too wide) in paragraph at lines 32--32
\TU/texgyrepagella(0)/m/n/10 in-ter-dum libero ut me-tus. Pel-len-tesque plac-erat. Nam rutrum
 []


Overfull \hbox (0.4014pt too wide) in paragraph at lines 32--32
\TU/texgyrepagella(0)/m/n/10 au-gue, a dig-nis-sim nibh lec-tus plac-erat pede. Vi-va-mus nunc
 []


Overfull \hbox (8.22688pt too wide) in paragraph at lines 32--32
\TU/texgyrepagella(0)/m/n/10 in-ter-dum libero ut me-tus. Pel-len-tesque plac-erat. Nam rutrum
 []


Overfull \hbox (0.4014pt too wide) in paragraph at lines 32--32
\TU/texgyrepagella(0)/m/n/10 au-gue, a dig-nis-sim nibh lec-tus plac-erat pede. Vi-va-mus nunc
 []


Overfull \hbox (8.22688pt too wide) in paragraph at lines 32--32
\TU/texgyrepagella(0)/m/n/10 in-ter-dum libero ut me-tus. Pel-len-tesque plac-erat. Nam rutrum
 []

[12]
Overfull \hbox (3.15244pt too wide) in paragraph at lines 32--32
\TU/texgyrepagella(0)/m/n/10 so-dales com-modo, lec-tus velit ul-tri-ces au-gue, a dig-
 []


Overfull \hbox (1.28798pt too wide) in paragraph at lines 32--32
\TU/texgyrepagella(0)/m/n/10 sit amet, con-sectetuer adip-isc-ing elit. Duis fringilla
 []


Overfull \hbox (0.70682pt too wide) in paragraph at lines 32--32
\TU/texgyrepagella(0)/m/n/10 tris-tique neque. Sed in-ter-dum libero ut me-tus. Pel-
 []


Overfull \hbox (5.02682pt too wide) in paragraph at lines 32--32
\TU/texgyrepagella(0)/m/n/10 len-tesque plac-erat. Nam rutrum au-gue a leo. Morbi
 []


Overfull \hbox (2.80904pt too wide) in paragraph at lines 32--32
[]\TU/texgyrepagella(0)/m/n/10 Lorem ip-sum do-lor sit amet, con-sectetuer adip-
 []


Overfull \hbox (6.14345pt too wide) in paragraph at lines 32--32
\TU/texgyrepagella(0)/m/n/10 sem-per in, velit. Ut port-ti-tor. Prae-sent in sapien.
 []


Overfull \hbox (2.80904pt too wide) in paragraph at lines 32--32
\TU/texgyrepagella(0)/m/n/10 Lorem ip-sum do-lor sit amet, con-sectetuer adip-
 []


Overfull \hbox (7.18129pt too wide) in paragraph at lines 32--32
\TU/texgyrepagella(0)/m/n/10 sit amet ante lobor-tis sol-lic-i-tudin. Prae-sent blan-
 []

[13]
Overfull \hbox (2.80904pt too wide) in paragraph at lines 32--32
[]\TU/texgyrepagella(0)/m/n/10 Lorem ip-sum do-lor sit amet, con-sectetuer adip-
 []


Overfull \hbox (6.14345pt too wide) in paragraph at lines 32--32
\TU/texgyrepagella(0)/m/n/10 sem-per in, velit. Ut port-ti-tor. Prae-sent in sapien.
 []


Overfull \hbox (2.80904pt too wide) in paragraph at lines 32--32
\TU/texgyrepagella(0)/m/n/10 Lorem ip-sum do-lor sit amet, con-sectetuer adip-
 []


Overfull \hbox (7.18129pt too wide) in paragraph at lines 32--32
\TU/texgyrepagella(0)/m/n/10 sit amet ante lobor-tis sol-lic-i-tudin. Prae-sent blan-
 []


Overfull \hbox (3.15244pt too wide) in paragraph at lines 32--32
\TU/texgyrepagella(0)/m/n/10 so-dales com-modo, lec-tus velit ul-tri-ces au-gue, a dig-
 []


Overfull \hbox (1.28798pt too wide) in paragraph at lines 32--32
\TU/texgyrepagella(0)/m/n/10 sit amet, con-sectetuer adip-isc-ing elit. Duis fringilla
 []


Overfull \hbox (0.70682pt too wide) in paragraph at lines 32--32
\TU/texgyrepagella(0)/m/n/10 tris-tique neque. Sed in-ter-dum libero ut me-tus. Pel-
 []


Overfull \hbox (5.02682pt too wide) in paragraph at lines 32--32
\TU/texgyrepagella(0)/m/n/10 len-tesque plac-erat. Nam rutrum au-gue a leo. Morbi
 []

[14]
Overfull \hbox (0.4014pt too wide) in paragraph at lines 32--32
\TU/texgyrepagella(0)/m/n/10 au-gue, a dig-nis-sim nibh lec-tus plac-erat pede. Vi-va-mus nunc
 []


Overfull \hbox (8.22688pt too wide) in paragraph at lines 32--32
\TU/texgyrepagella(0)/m/n/10 in-ter-dum libero ut me-tus. Pel-len-tesque plac-erat. Nam rutrum
 []


Overfull \hbox (2.31694pt too wide) in paragraph at lines 32--32
\TU/texgyrepagella(0)/m/n/10 phare-tra sol-lic-i-tudin. Prae-sent im-perdiet mi nec ante. Donec
 []

[15] [16]
Overfull \hbox (10.51915pt too wide) in paragraph at lines 32--32
[]\TU/texgyrepagella(0)/m/n/10 Lorem ip-sum do-lor sit amet, con-sectetuer adip-
 []


Overfull \hbox (7.49245pt too wide) in paragraph at lines 32--32
[]\TU/texgyrepagella(0)/m/n/10 Lorem ip-sum do-lor sit amet, con-sectetuer
 []


Overfull \hbox (8.11015pt too wide) in paragraph at lines 32--32
\TU/texgyrepagella(0)/m/n/10 lic-i-tudin. Prae-sent im-perdiet mi nec ante. Donec
 []

[17]
Overfull \hbox (2.60243pt too wide) in paragraph at lines 32--32
[]\TU/texgyrepagella(0)/m/n/10 Lorem ip-sum do-lor sit amet, con-
 []


Overfull \hbox (8.11015pt too wide) in paragraph at lines 32--32
\TU/texgyrepagella(0)/m/n/10 lic-i-tudin. Prae-sent im-perdiet mi nec ante. Donec
 []


Overfull \hbox (5.67245pt too wide) in paragraph at lines 32--32
[]\TU/texgyrepagella(0)/m/n/10 Lorem ip-sum do-lor sit amet, con-sectetuer
 []


Overfull \hbox (10.51915pt too wide) in paragraph at lines 32--32
[]\TU/texgyrepagella(0)/m/n/10 Lorem ip-sum do-lor sit amet, con-sectetuer adip-
 []

[18] [19] (./main.aux)
 ***********
LaTeX2e <2023-11-01> patch level 1
L3 programming layer <2024-02-20>
 ***********
)

Here is how much of LuaTeX's memory you used:
 3759 strings out of 476447
 125034,1977958 words of node,token memory allocated
 416 words of node memory still in use:
   3 hlist, 1 vlist, 1 rule, 2 glue, 3 kern, 1 glyph, 4 attribute, 50 glue_spec, 4 attribute_list, 1 write nodes
   avail lists: 1:3,2:127,3:87,4:9,5:363,6:14,7:7292,9:191,10:7,11:588,12:1
 25869 multiletter control sequences out of 65536+600000
 33 fonts using 4248503 bytes
 79i,5n,101p,234b,505s stack positions out of 10000i,1000n,20000p,200000b,200000s
<./configs/fonts/texgyrepagella-italic.otf><./configs/fonts/texgyrepagella-regular.otf><./configs/fonts/texgyrepagella-bold.otf>
Output written on main.pdf (19 pages, 55771 bytes).

PDF statistics: 85 PDF objects out of 1000 (max. 8388607)
 54 compressed objects within 1 object stream
 0 named destinations out of 1000 (max. 131072)
 1 words of extra memory for PDF output out of 10000 (max. 100000000)

